2023-03-21 21:00:30,851 [Worker-2: Loading available Gradle versions] INFO  o.e.b.c.i.u.g.PublishedGradleVersions - Gradle version information cache is out-of-date. Trying to update.
2023-03-21 21:04:20,649 [Worker-5: Import Getting Started Content] INFO  o.e.m.c.i.l.LifecycleMappingFactory - Using org.maven.ide.eclipse.wtp.WarLifecycleMapping lifecycle mapping for MavenProject: com.codingdojo.daikichiroutes:daikichiroutes:0.0.1-SNAPSHOT @ /Users/levijosiahmariano/Desktop/SoftwareDevelopment/CodingDojo/java/spring/intro/assignments/daikichiRoutes/daikichiroutes/pom.xml.
2023-03-21 21:04:22,406 [Worker-5: Import Getting Started Content] INFO  o.e.m.j.i.AbstractJavaProjectConfigurator - Adding source folder /daikichiroutes/src/main/java
2023-03-21 21:04:22,407 [Worker-5: Import Getting Started Content] INFO  o.e.m.j.i.AbstractJavaProjectConfigurator - Adding resource folder /daikichiroutes/src/main/resources
2023-03-21 21:04:22,412 [Worker-5: Import Getting Started Content] INFO  o.e.m.j.i.AbstractJavaProjectConfigurator - Adding resource folder /daikichiroutes/src/main/resources
2023-03-21 21:04:22,417 [Worker-5: Import Getting Started Content] INFO  o.e.m.j.i.AbstractJavaProjectConfigurator - Adding source folder /daikichiroutes/src/test/java
2023-03-21 21:04:26,491 [Worker-5: Import Getting Started Content] INFO  o.e.m.c.i.p.ProjectConfigurationManager - Imported and configured 1 project(s) in 7 sec
2023-03-21 21:04:26,500 [Worker-5: Import Getting Started Content] INFO  o.e.m.c.i.p.ProjectConfigurationManager - Update started
2023-03-21 21:04:27,195 [Worker-5: Import Getting Started Content] INFO  o.e.m.c.i.l.LifecycleMappingFactory - Using org.maven.ide.eclipse.wtp.WarLifecycleMapping lifecycle mapping for MavenProject: com.codingdojo.daikichiroutes:daikichiroutes:0.0.1-SNAPSHOT @ /Users/levijosiahmariano/Desktop/SoftwareDevelopment/CodingDojo/java/spring/intro/assignments/daikichiRoutes/daikichiroutes/pom.xml.
2023-03-21 21:04:28,782 [Worker-5: Import Getting Started Content] INFO  o.e.m.j.i.AbstractJavaProjectConfigurator - Adding source folder /daikichiroutes/src/main/java
2023-03-21 21:04:28,783 [Worker-5: Import Getting Started Content] INFO  o.e.m.j.i.AbstractJavaProjectConfigurator - Adding resource folder /daikichiroutes/src/main/resources
2023-03-21 21:04:28,784 [Worker-5: Import Getting Started Content] INFO  o.e.m.j.i.AbstractJavaProjectConfigurator - Adding resource folder /daikichiroutes/src/main/resources
2023-03-21 21:04:28,785 [Worker-5: Import Getting Started Content] INFO  o.e.m.j.i.AbstractJavaProjectConfigurator - Adding source folder /daikichiroutes/src/test/java
2023-03-21 21:04:31,461 [Worker-5: Import Getting Started Content] INFO  o.e.m.w.i.f.ResourceFilteringBuildParticipant - Cleaning filtered folder for daikichiroutes
2023-03-21 21:04:31,465 [Worker-5: Import Getting Started Content] INFO  o.e.m.c.i.p.ProjectConfigurationManager - Update completed: 4 sec
2023-03-21 21:04:32,262 [Worker-16: Building] INFO  o.a.m.s.f.DefaultMavenResourcesFiltering - Copying 1 resource
2023-03-21 21:04:32,319 [Worker-16: Building] INFO  o.a.m.s.f.DefaultMavenResourcesFiltering - Copying 0 resource
2023-03-21 21:04:32,327 [Worker-16: Building] INFO  o.a.m.s.f.DefaultMavenResourcesFiltering - skip non existing resourceDirectory /Users/levijosiahmariano/Desktop/SoftwareDevelopment/CodingDojo/java/spring/intro/assignments/daikichiRoutes/daikichiroutes/src/test/resources
2023-03-21 21:04:32,328 [Worker-16: Building] INFO  o.e.m.w.i.f.ResourceFilteringBuildParticipant - Changed resources require a complete clean of filtered resources of daikichiroutes
2023-03-21 21:04:32,329 [Worker-16: Building] INFO  o.e.m.w.i.f.ResourceFilteringBuildParticipant - Executing resource filtering for daikichiroutes
2023-03-21 21:10:45,611 [Worker-17: Building] INFO  o.a.m.s.f.DefaultMavenResourcesFiltering - Copying 1 resource
2023-03-21 21:10:45,648 [Worker-17: Building] INFO  o.a.m.s.f.DefaultMavenResourcesFiltering - Copying 0 resource
2023-03-21 21:10:45,653 [Worker-17: Building] INFO  o.a.m.s.f.DefaultMavenResourcesFiltering - skip non existing resourceDirectory /Users/levijosiahmariano/Desktop/SoftwareDevelopment/CodingDojo/java/spring/intro/assignments/daikichiRoutes/daikichiroutes/src/test/resources
2023-03-21 21:21:26,618 [Worker-21: Building] INFO  o.a.m.s.f.DefaultMavenResourcesFiltering - Copying 1 resource
2023-03-21 21:21:26,706 [Worker-21: Building] INFO  o.a.m.s.f.DefaultMavenResourcesFiltering - Copying 0 resource
2023-03-21 21:21:26,711 [Worker-21: Building] INFO  o.a.m.s.f.DefaultMavenResourcesFiltering - skip non existing resourceDirectory /Users/levijosiahmariano/Desktop/SoftwareDevelopment/CodingDojo/java/spring/intro/assignments/daikichiRoutes/daikichiroutes/src/test/resources
2023-03-21 21:24:20,987 [Worker-20: Building] INFO  o.a.m.s.f.DefaultMavenResourcesFiltering - Copying 1 resource
2023-03-21 21:24:21,050 [Worker-20: Building] INFO  o.a.m.s.f.DefaultMavenResourcesFiltering - Copying 0 resource
2023-03-21 21:24:21,054 [Worker-20: Building] INFO  o.a.m.s.f.DefaultMavenResourcesFiltering - skip non existing resourceDirectory /Users/levijosiahmariano/Desktop/SoftwareDevelopment/CodingDojo/java/spring/intro/assignments/daikichiRoutes/daikichiroutes/src/test/resources
